app/build/intermediates/proguard-rules/debug/aapt_rules.txt
# Referenced at instant_run_merged_manifests\debug\AndroidManifest.xml:26
-keep class android.support.v4.app.CoreComponentFactory { <init>(); }
# Referenced at instant_run_merged_manifests\debug\AndroidManifest.xml:184
-keep class com.android.tools.ir.server.InstantRunContentProvider { <init>(); }
# Referenced at instant_run_merged_manifests\debug\AndroidManifest.xml:146
-keep class com.anitha.offsitefinal.ChangePassword { <init>(); }
# Referenced at instant_run_merged_manifests\debug\AndroidManifest.xml:129
-keep class com.anitha.offsitefinal.CheckOutActivity { <init>(); }
# Referenced at instant_run_merged_manifests\debug\AndroidManifest.xml:83
-keep class com.anitha.offsitefinal.Checklist { <init>(); }
# Referenced at instant_run_merged_manifests\debug\AndroidManifest.xml:98
-keep class com.anitha.offsitefinal.ChecklistTypes { <init>(); }
# Referenced at instant_run_merged_manifests\debug\AndroidManifest.xml:74
-keep class com.anitha.offsitefinal.DashboradActivity { <init>(); }
# Referenced at instant_run_merged_manifests\debug\AndroidManifest.xml:109
-keep class com.anitha.offsitefinal.DayChecklistSummary { <init>(); }
# Referenced at instant_run_merged_manifests\debug\AndroidManifest.xml:58
-keep class com.anitha.offsitefinal.EPSResultsActivity { <init>(); }
# Referenced at instant_run_merged_manifests\debug\AndroidManifest.xml:53
-keep class com.anitha.offsitefinal.EPostingSheet { <init>(); }
# Referenced at instant_run_merged_manifests\debug\AndroidManifest.xml:87
-keep class com.anitha.offsitefinal.EmployeeReportActivity { <init>(); }
# Referenced at instant_run_merged_manifests\debug\AndroidManifest.xml:106
-keep class com.anitha.offsitefinal.Employee_Report { <init>(); }
# Referenced at instant_run_merged_manifests\debug\AndroidManifest.xml:102
-keep class com.anitha.offsitefinal.Filter { <init>(); }
# Referenced at instant_run_merged_manifests\debug\AndroidManifest.xml:43
-keep class com.anitha.offsitefinal.HelpActivity { <init>(); }
# Referenced at instant_run_merged_manifests\debug\AndroidManifest.xml:113
-keep class com.anitha.offsitefinal.HomeActivityMenu { <init>(); }
# Referenced at instant_run_merged_manifests\debug\AndroidManifest.xml:37
-keep class com.anitha.offsitefinal.LogOutActivity { <init>(); }
# Referenced at instant_run_merged_manifests\debug\AndroidManifest.xml:79
-keep class com.anitha.offsitefinal.MainActivity { <init>(); }
# Referenced at instant_run_merged_manifests\debug\AndroidManifest.xml:62
-keep class com.anitha.offsitefinal.MapaClientActivity { <init>(); }
# Referenced at instant_run_merged_manifests\debug\AndroidManifest.xml:90
-keep class com.anitha.offsitefinal.Report { <init>(); }
# Referenced at instant_run_merged_manifests\debug\AndroidManifest.xml:151
-keep class com.anitha.offsitefinal.ScannedBarcodeActivity { <init>(); }
# Referenced at instant_run_merged_manifests\debug\AndroidManifest.xml:67
-keep class com.anitha.offsitefinal.ScheduleVisits { <init>(); }
# Referenced at instant_run_merged_manifests\debug\AndroidManifest.xml:93
-keep class com.anitha.offsitefinal.ScheduleVisits2 { <init>(); }
# Referenced at instant_run_merged_manifests\debug\AndroidManifest.xml:48
-keep class com.anitha.offsitefinal.SendFeedBack { <init>(); }
# Referenced at instant_run_merged_manifests\debug\AndroidManifest.xml:124
-keep class com.anitha.offsitefinal.Tab_Main { <init>(); }
# Referenced at instant_run_merged_manifests\debug\AndroidManifest.xml:175
-keep class com.google.android.gms.common.api.GoogleApiActivity { <init>(); }
# Referenced at instant_run_merged_manifests\debug\AndroidManifest.xml:163
-keep class com.razorpay.CheckoutActivity { <init>(); }
# Referenced at instant_run_merged_manifests\debug\AndroidManifest.xml:157
-keep class com.razorpay.RzpTokenReceiver { <init>(); }
# Referenced at res\layout\activity_log_out.xml:2
-keep class android.support.constraint.ConstraintLayout { <init>(...); }

# Referenced at res\layout\design_bottom_navigation_item.xml:27
-keep class android.support.design.internal.BaselineLayout { <init>(...); }

# Referenced at res\layout\design_navigation_item.xml:17
-keep class android.support.design.internal.NavigationMenuItemView { <init>(...); }

# Referenced at res\layout\design_navigation_menu.xml:17
-keep class android.support.design.internal.NavigationMenuView { <init>(...); }

# Referenced at res\layout-v21\content_main.xml:387
# Referenced at res\layout\tab_bar.xml:12
# Referenced at res\layout\emp_tab_bar.xml:12
# Referenced at res\layout\content_main.xml:387
# Referenced at res\layout\app_bar_schedule2.xml:12
# Referenced at res\layout\app_bar_schedule.xml:12
# Referenced at res\layout\app_bar_map.xml:13
# Referenced at res\layout\app_bar_main.xml:12
# Referenced at res\layout\app_bar_daychecklist_summary.xml:12
# Referenced at res\layout\app_bar_dashboard.xml:11
# Referenced at res\layout\app_bar_checklisttypes.xml:12
# Referenced at res\layout\app_bar_checklist.xml:12
# Referenced at res\layout\activity_day_checklist_summary.xml:315
# Referenced at res\layout\activity_checklist_types.xml:313
-keep class android.support.design.widget.AppBarLayout { <init>(...); }

# Referenced at res\layout\design_text_input_password_icon.xml:18
-keep class android.support.design.widget.CheckableImageButton { <init>(...); }

# Referenced at res\layout\design_bottom_sheet_dialog.xml:26
-keep class android.support.design.widget.CoordinatorLayout { <init>(...); }

# Referenced at res\layout\tab_main.xml:18
# Referenced at res\layout\schedulevisit.xml:16
# Referenced at res\layout\scheduledvisit2.xml:18
# Referenced at res\layout\map.xml:16
# Referenced at res\layout\emp_tab_main.xml:18
# Referenced at res\layout\day_checklist_summary.xml:19
# Referenced at res\layout\dashboard.xml:19
# Referenced at res\layout\checklisttypes.xml:19
# Referenced at res\layout\checklist.xml:16
# Referenced at res\layout\activity_nav.xml:18
-keep class android.support.design.widget.NavigationView { <init>(...); }

# Referenced at res\layout\mtrl_layout_snackbar.xml:18
# Referenced at res\layout\design_layout_snackbar.xml:18
-keep class android.support.design.widget.Snackbar$SnackbarLayout { <init>(...); }

# Referenced at res\layout\mtrl_layout_snackbar_include.xml:18
# Referenced at res\layout\design_layout_snackbar_include.xml:18
-keep class android.support.design.widget.SnackbarContentLayout { <init>(...); }

# Referenced at res\layout\tab_client_employee.xml:166
# Referenced at res\layout\emp_tab_client_emp.xml:247
-keep class android.support.design.widget.TabLayout { <init>(...); }

# Referenced at res\layout\tab_client_employee.xml:174
# Referenced at res\layout\emp_tab_client_emp.xml:255
-keep class android.support.v4.view.ViewPager { <init>(...); }

# Referenced at res\layout\tab_main.xml:2
# Referenced at res\layout\schedulevisit.xml:2
# Referenced at res\layout\scheduledvisit2.xml:2
# Referenced at res\layout\map.xml:2
# Referenced at res\layout\emp_tab_main.xml:2
# Referenced at res\layout\day_checklist_summary.xml:2
# Referenced at res\layout\dashboard.xml:2
# Referenced at res\layout\checklisttypes.xml:2
# Referenced at res\layout\checklist.xml:2
# Referenced at res\layout\activity_nav.xml:2
-keep class android.support.v4.widget.DrawerLayout { <init>(...); }

# Referenced at res\layout\abc_alert_dialog_material.xml:41
-keep class android.support.v4.widget.NestedScrollView { <init>(...); }

# Referenced at res\layout\abc_select_dialog_material.xml:23
-keep class android.support.v7.app.AlertController$RecycleListView { <init>(...); }

# Referenced at res\layout\abc_action_menu_item_layout.xml:17
-keep class android.support.v7.view.menu.ActionMenuItemView { <init>(...); }

# Referenced at res\layout\abc_expanded_menu_layout.xml:17
-keep class android.support.v7.view.menu.ExpandedMenuView { <init>(...); }

# Referenced at res\layout\abc_popup_menu_item_layout.xml:17
# Referenced at res\layout\abc_list_menu_item_layout.xml:17
# Referenced at res\layout\abc_cascading_menu_item_layout.xml:20
-keep class android.support.v7.view.menu.ListMenuItemView { <init>(...); }

# Referenced at res\layout\abc_screen_toolbar.xml:27
-keep class android.support.v7.widget.ActionBarContainer { <init>(...); }

# Referenced at res\layout\abc_screen_toolbar.xml:43
# Referenced at res\layout\abc_action_mode_bar.xml:19
-keep class android.support.v7.widget.ActionBarContextView { <init>(...); }

# Referenced at res\layout\abc_screen_toolbar.xml:17
-keep class android.support.v7.widget.ActionBarOverlayLayout { <init>(...); }

# Referenced at res\layout\abc_action_menu_layout.xml:17
-keep class android.support.v7.widget.ActionMenuView { <init>(...); }

# Referenced at res\layout\abc_activity_chooser_view.xml:19
-keep class android.support.v7.widget.ActivityChooserView$InnerLayout { <init>(...); }

# Referenced at res\layout\abc_alert_dialog_material.xml:18
-keep class android.support.v7.widget.AlertDialogLayout { <init>(...); }

# Referenced at res\layout\abc_alert_dialog_button_bar_material.xml:26
-keep class android.support.v7.widget.ButtonBarLayout { <init>(...); }

# Referenced at res\layout\schedule_list.xml:2
# Referenced at res\layout\login_activity.xml:27
# Referenced at res\layout\employee_report.xml:52
# Referenced at res\layout\client_report.xml:52
-keep class android.support.v7.widget.CardView { <init>(...); }

# Referenced at res\layout\abc_screen_content_include.xml:19
-keep class android.support.v7.widget.ContentFrameLayout { <init>(...); }

# Referenced at res\layout\abc_alert_dialog_title_material.xml:45
-keep class android.support.v7.widget.DialogTitle { <init>(...); }

# Referenced at res\layout\abc_screen_simple_overlay_action_mode.xml:23
-keep class android.support.v7.widget.FitWindowsFrameLayout { <init>(...); }

# Referenced at res\layout\abc_screen_simple.xml:17
# Referenced at res\layout\abc_dialog_title_material.xml:22
-keep class android.support.v7.widget.FitWindowsLinearLayout { <init>(...); }

# Referenced at res\layout\abc_search_view.xml:75
-keep class android.support.v7.widget.SearchView$SearchAutoComplete { <init>(...); }

# Referenced at res\layout\abc_screen_toolbar.xml:36
-keep class android.support.v7.widget.Toolbar { <init>(...); }

# Referenced at res\layout\abc_screen_simple_overlay_action_mode.xml:32
# Referenced at res\layout\abc_screen_simple.xml:25
-keep class android.support.v7.widget.ViewStubCompat { <init>(...); }

# Referenced at res\layout\abc_alert_dialog_title_material.xml:56
# Referenced at res\layout\abc_alert_dialog_material.xml:52
# Referenced at res\layout\abc_alert_dialog_button_bar_material.xml:43
-keep class android.widget.Space { <init>(...); }

# Referenced at res\layout\tab2.xml:53
# Referenced at res\layout\tab1.xml:55
# Referenced at res\layout\emp_tab2.xml:53
# Referenced at res\layout\emp_tab1.xml:52
# Referenced at res\layout\activity_dashborad.xml:244
-keep class com.github.mikephil.charting.charts.PieChart { <init>(...); }

# Referenced at res\layout\rzp_loader.xml:20
-keep class com.razorpay.CircularProgressView { <init>(...); }

# Referenced at res\layout\week.xml:8
-keep class com.squareup.timessquare.CalendarCellView { <init>(...); }

# Referenced at res\layout\month.xml:18
-keep class com.squareup.timessquare.CalendarGridView { <init>(...); }

# Referenced at res\layout\cal_custompopup.xml:20
-keep class com.squareup.timessquare.CalendarPickerView { <init>(...); }

# Referenced at res\layout\week.xml:3
# Referenced at res\layout\month.xml:23
-keep class com.squareup.timessquare.CalendarRowView { <init>(...); }

# Referenced at res\layout\month.xml:3
-keep class com.squareup.timessquare.MonthView { <init>(...); }

# Referenced at res\layout-v21\content_main.xml:99
# Referenced at res\layout\tab_client_employee.xml:54
# Referenced at res\layout\emp_tab_client_emp.xml:127
# Referenced at res\layout\content_main.xml:99
# Referenced at res\layout\checklistothers.xml:16
# Referenced at res\layout\activity_dashborad.xml:109
-keep class com.toptoche.searchablespinnerlibrary.SearchableSpinner { <init>(...); }

# Referenced at res\layout\tab_client_employee.xml:127
# Referenced at res\layout\emp_tab_client_emp.xml:64
# Referenced at res\layout\activity_dashborad.xml:173
-keepclassmembers class * { *** ShowPopup(android.view.View); }

# Referenced at res\layout\list_item.xml:13
-keepclassmembers class * { *** clickMe(android.view.View); }