app/build/outputs/mapping/debug/mapping.txt
# compiler: R8
# compiler_version: 1.4.77
# min_api: 20
com.anitha.offsitefinal.App -> com.anitha.offsitefinal.a:
    android.content.Context context -> a
    boolean loggedin -> f
    java.lang.String currentActivity -> c
    java.lang.String notification -> e
    android.app.Activity act -> b
    boolean IS_APP_RUNNING -> d
    10:15:void <clinit>() -> <clinit>
    33:33:android.app.Activity getAct() -> a
com.anitha.offsitefinal.ChangePassword -> com.anitha.offsitefinal.ChangePassword:
    android.widget.EditText otp -> u
    com.anitha.offsitefinal.sql.DatabaseHelper databaseHelper -> x
    android.widget.TextView txt_otp -> q
    android.widget.EditText edit_confirm -> t
    android.widget.EditText edit_new -> s
    android.widget.Button submit -> v
    int randomNumber -> w
    android.widget.EditText edit_default -> r
    android.support.v7.app.AppCompatActivity activity -> p
    18:26:void <init>() -> <init>
    33:238:void onCreate(android.os.Bundle) -> onCreate
com.anitha.offsitefinal.ChangePassword$1 -> com.anitha.offsitefinal.b:
    com.anitha.offsitefinal.ChangePassword this$0 -> a
    61:61:void <init>(com.anitha.offsitefinal.ChangePassword) -> <init>
    66:213:void onClick(android.view.View) -> onClick
com.anitha.offsitefinal.CheckOutActivity -> com.anitha.offsitefinal.CheckOutActivity:
    me.dm7.barcodescanner.zxing.ZXingScannerView mScannerView -> p
    15:15:void <init>() -> <init>
    47:68:void handleResult(com.google.zxing.Result) -> a
    21:28:void onCreate(android.os.Bundle) -> onCreate
    40:42:void onPause() -> onPause
    33:36:void onResume() -> onResume
com.anitha.offsitefinal.Checklist -> com.anitha.offsitefinal.Checklist:
    android.widget.ImageButton img_menu -> p
    android.widget.Button cancel -> x
    android.widget.Button ok -> w
    android.widget.Button slachecklistselect -> v
    android.widget.Button daycheckselect -> q
    android.content.Context context -> y
    android.widget.Button otherschecklistselect -> u
    android.widget.Button surprisechecklistselect -> t
    android.widget.Button nightchecklistselect -> s
    android.widget.Button checklistsubmit -> r
    42:51:void <init>() -> <init>
    444:486:boolean onNavigationItemSelected(android.view.MenuItem) -> a
    423:427:void applyFontToMenuItem(android.view.MenuItem) -> b
    431:439:void onBackPressed() -> onBackPressed
    54:420:void onCreate(android.os.Bundle) -> onCreate
com.anitha.offsitefinal.Checklist$1 -> com.anitha.offsitefinal.c:
    com.anitha.offsitefinal.Checklist this$0 -> a
    68:68:void <init>(com.anitha.offsitefinal.Checklist) -> <init>
    71:97:void onClick(android.view.View) -> onClick
com.anitha.offsitefinal.Checklist$2 -> com.anitha.offsitefinal.d:
    com.anitha.offsitefinal.Checklist this$0 -> a
    100:100:void <init>(com.anitha.offsitefinal.Checklist) -> <init>
    103:129:void onClick(android.view.View) -> onClick
com.anitha.offsitefinal.Checklist$3 -> com.anitha.offsitefinal.e:
    com.anitha.offsitefinal.Checklist this$0 -> a
    133:133:void <init>(com.anitha.offsitefinal.Checklist) -> <init>
    136:162:void onClick(android.view.View) -> onClick
com.anitha.offsitefinal.Checklist$4 -> com.anitha.offsitefinal.i:
    com.anitha.offsitefinal.Checklist this$0 -> a
    169:169:void <init>(com.anitha.offsitefinal.Checklist) -> <init>
    175:274:void onClick(android.view.View) -> onClick
com.anitha.offsitefinal.Checklist$4$1 -> com.anitha.offsitefinal.f:
    com.anitha.offsitefinal.Checklist$4 this$1 -> a
    202:202:void <init>(com.anitha.offsitefinal.Checklist$4) -> <init>
    205:207:void onClick(android.view.View) -> onClick
com.anitha.offsitefinal.Checklist$4$2 -> com.anitha.offsitefinal.g:
    com.anitha.offsitefinal.Checklist$4 this$1 -> a
    211:211:void <init>(com.anitha.offsitefinal.Checklist$4) -> <init>
    214:218:void onClick(android.view.View) -> onClick
...
android.support.v7.widget.CardView -> android.support.v7.widget.CardView:
    android.support.v7.widget.CardViewDelegate mCardViewDelegate -> i
    int mUserSetMinHeight -> f
    android.graphics.Rect mContentPadding -> g
    android.graphics.Rect mShadowBounds -> h
    int[] COLOR_BACKGROUND_ATTR -> a
    int mUserSetMinWidth -> e
    android.support.v7.widget.CardViewImpl IMPL -> b
    boolean mCompatPadding -> c
    boolean mPreventCornerOverlap -> d
    81:93:void <clinit>() -> <clinit>
    113:114:void <init>(android.content.Context) -> <init>
    117:118:void <init>(android.content.Context,android.util.AttributeSet) -> <init>
    121:164:void <init>(android.content.Context,android.util.AttributeSet,int) -> <init>
    79:79:void access$001(android.support.v7.widget.CardView,int,int,int,int) -> a
    79:79:void access$101(android.support.v7.widget.CardView,int) -> a
    79:79:void access$201(android.support.v7.widget.CardView,int) -> b
    303:303:android.content.res.ColorStateList getCardBackgroundColor() -> getCardBackgroundColor
    387:387:float getCardElevation() -> getCardElevation
    343:343:int getContentPaddingBottom() -> getContentPaddingBottom
    313:313:int getContentPaddingLeft() -> getContentPaddingLeft
    323:323:int getContentPaddingRight() -> getContentPaddingRight
    333:333:int getContentPaddingTop() -> getContentPaddingTop
    413:413:float getMaxCardElevation() -> getMaxCardElevation
android.support.v7.widget.CardView$1 -> android.support.v7.widget.M:
    android.support.v7.widget.CardView this$0 -> b
    android.graphics.drawable.Drawable mCardBackground -> a
    447:447:void <init>(android.support.v7.widget.CardView) -> <init>
    452:454:void setCardBackground(android.graphics.drawable.Drawable) -> a
    463:463:boolean getPreventCornerOverlap() -> a
    468:471:void setShadowPadding(int,int,int,int) -> a
    475:481:void setMinWidthHeightInternal(int,int) -> a
    458:458:boolean getUseCompatPadding() -> b
    485:485:android.graphics.drawable.Drawable getCardBackground() -> c
    490:490:android.view.View getCardView() -> d
android.support.v7.widget.CardViewApi17Impl -> android.support.v7.widget.O:
    25:25:void <init>() -> <init>
    29:37:void initStatic() -> a
android.support.v7.widget.CardViewApi17Impl$1 -> android.support.v7.widget.N:
    android.support.v7.widget.CardViewApi17Impl this$0 -> a
    30:30:void <init>(android.support.v7.widget.CardViewApi17Impl) -> <init>
    34:35:void drawRoundRect(android.graphics.Canvas,android.graphics.RectF,float,android.graphics.Paint) -> a
android.support.v7.widget.CardViewApi21Impl -> android.support.v7.widget.P:
    26:26:void <init>() -> <init>
    31:38:void initialize(android.support.v7.widget.CardViewDelegate,android.content.Context,android.content.res.ColorStateList,float,float,float) -> a
    47:47:void initStatic() -> a
    68:68:float getMinHeight(android.support.v7.widget.CardViewDelegate) -> a
    78:79:void setElevation(android.support.v7.widget.CardViewDelegate,float) -> a
    113:114:void setBackgroundColor(android.support.v7.widget.CardViewDelegate,android.content.res.ColorStateList) -> a
    51:54:void setMaxElevation(android.support.v7.widget.CardViewDelegate,float) -> b
    108:109:void onPreventCornerOverlapChanged(android.support.v7.widget.CardViewDelegate) -> b
    42:43:void setRadius(android.support.v7.widget.CardViewDelegate,float) -> c
    58:58:float getMaxElevation(android.support.v7.widget.CardViewDelegate) -> c
    83:83:float getElevation(android.support.v7.widget.CardViewDelegate) -> d
    118:118:android.content.res.ColorStateList getBackgroundColor(android.support.v7.widget.CardViewDelegate) -> e
    73:73:float getRadius(android.support.v7.widget.CardViewDelegate) -> f
    63:63:float getMinWidth(android.support.v7.widget.CardViewDelegate) -> g
    103:104:void onCompatPaddingChanged(android.support.v7.widget.CardViewDelegate) -> h
    88:99:void updatePadding(android.support.v7.widget.CardViewDelegate) -> i